[08/Jan/2026:12:20:38 +0700] ::1 TLSv1.3 TLS_AES_256_GCM_SHA384 "GET /namtran/wp-includes/css/admin-bar.min.css?ver=6.9 HTTP/1.1" 20125
[08/Jan/2026:12:20:38 +0700] ::1 TLSv1.3 TLS_AES_256_GCM_SHA384 "GET /namtran/wp-includes/css/dashicons.min.css?ver=6.9 HTTP/1.1" 59004
[08/Jan/2026:12:20:38 +0700] ::1 TLSv1.3 TLS_AES_256_GCM_SHA384 "GET /namtran/wp-includes/js/hoverintent-js.min.js?ver=2.2.1 HTTP/1.1" 1718
[08/Jan/2026:12:20:38 +0700] ::1 TLSv1.3 TLS_AES_256_GCM_SHA384 "GET /namtran/wp-includes/js/admin-bar.min.js?ver=6.9 HTTP/1.1" 3487
[08/Jan/2026:12:20:38 +0700] ::1 TLSv1.3 TLS_AES_256_GCM_SHA384 "GET /namtran/wp-content/plugins/nocache-bfcache/js/bfcache-invalidation.js?ver=1.3.1 HTTP/1.1" 6382
[08/Jan/2026:12:20:38 +0700] ::1 TLSv1.3 TLS_AES_256_GCM_SHA384 "GET /namtran/wp-includes/js/dist/script-modules/block-library/navigation/view.min.js?ver=b0f909c3ec791c383210 HTTP/1.1" 3401
[08/Jan/2026:12:20:38 +0700] ::1 TLSv1.3 TLS_AES_256_GCM_SHA384 "GET /namtran/wp-includes/js/dist/script-modules/interactivity/index.min.js?ver=8964710565a1d258501f HTTP/1.1" 41076
[08/Jan/2026:12:20:38 +0700] ::1 TLSv1.3 TLS_AES_256_GCM_SHA384 "GET /namtran/wp-content/themes/twentytwentyfive/assets/fonts/manrope/Manrope-VariableFont_wght.woff2 HTTP/1.1" 53600
[08/Jan/2026:12:20:38 +0700] ::1 TLSv1.3 TLS_AES_256_GCM_SHA384 "GET /namtran/wp-content/plugins/optimization-detective/detect.min.js?ver=1.0.0-beta3 HTTP/1.1" 7910
[08/Jan/2026:12:20:03 +0700] ::1 TLSv1.3 TLS_AES_256_GCM_SHA384 "GET /namtran/ HTTP/1.1" 78795
[08/Jan/2026:12:20:40 +0700] ::1 TLSv1.3 TLS_AES_256_GCM_SHA384 "GET /favicon.ico HTTP/1.1" 30894
[08/Jan/2026:12:20:40 +0700] ::1 TLSv1.3 TLS_AES_256_GCM_SHA384 "GET /namtran/wp-includes/js/wp-emoji-release.min.js?ver=6.9 HTTP/1.1" 22762
[08/Jan/2026:12:20:39 +0700] ::1 TLSv1.3 TLS_AES_256_GCM_SHA384 "POST /namtran/wp-cron.php?doing_wp_cron=1767849638.6127350330352783203125 HTTP/1.1" -
[08/Jan/2026:12:20:49 +0700] ::1 TLSv1.3 TLS_AES_256_GCM_SHA384 "GET /namtran/wp-includes/js/thickbox/thickbox.css?ver=6.9 HTTP/1.1" 2649
[08/Jan/2026:12:20:49 +0700] ::1 TLSv1.3 TLS_AES_256_GCM_SHA384 "GET /namtran/wp-admin/load-scripts.php?c=1&load%5Bchunk_0%5D=jquery-core,jquery-migrate,utils&ver=6.9 HTTP/1.1" 102997
[08/Jan/2026:12:20:49 +0700] ::1 TLSv1.3 TLS_AES_256_GCM_SHA384 "GET /namtran/wp-admin/load-styles.php?c=1&dir=ltr&load%5Bchunk_0%5D=dashicons,admin-bar,site-health,common,forms,admin-menu,dashboard,list-tables,edit,revisions,media,themes,about,nav-menus,wp-poi&load%5Bchunk_1%5D=nter,widgets,site-icon,l10n,buttons,wp-auth-check,wp-components,wp-commands&ver=6.9 HTTP/1.1" 528950
[08/Jan/2026:12:20:49 +0700] ::1 TLSv1.3 TLS_AES_256_GCM_SHA384 "GET /namtran/wp-includes/css/editor.min.css?ver=6.9 HTTP/1.1" 26911
[08/Jan/2026:12:20:50 +0700] ::1 TLSv1.3 TLS_AES_256_GCM_SHA384 "GET /namtran/wp-includes/js/dist/i18n.min.js?ver=c26c3dc7bed366793375 HTTP/1.1" 5314
[08/Jan/2026:12:20:50 +0700] ::1 TLSv1.3 TLS_AES_256_GCM_SHA384 "GET /namtran/wp-includes/js/dist/a11y.min.js?ver=cb460b4676c94bd228ed HTTP/1.1" 2212
[08/Jan/2026:12:20:50 +0700] ::1 TLSv1.3 TLS_AES_256_GCM_SHA384 "GET /namtran/wp-includes/js/underscore.min.js?ver=1.13.7 HTTP/1.1" 18905
[08/Jan/2026:12:20:50 +0700] ::1 TLSv1.3 TLS_AES_256_GCM_SHA384 "GET /namtran/wp-includes/js/wp-util.min.js?ver=6.9 HTTP/1.1" 1426
[08/Jan/2026:12:20:50 +0700] ::1 TLSv1.3 TLS_AES_256_GCM_SHA384 "GET /namtran/wp-includes/js/clipboard.min.js?ver=2.0.11 HTTP/1.1" 9009
[08/Jan/2026:12:20:50 +0700] ::1 TLSv1.3 TLS_AES_256_GCM_SHA384 "GET /namtran/wp-admin/js/common.min.js?ver=6.9 HTTP/1.1" 23676
[08/Jan/2026:12:20:50 +0700] ::1 TLSv1.3 TLS_AES_256_GCM_SHA384 "GET /namtran/wp-includes/js/api-request.min.js?ver=6.9 HTTP/1.1" 1023
[08/Jan/2026:12:20:50 +0700] ::1 TLSv1.3 TLS_AES_256_GCM_SHA384 "GET /namtran/wp-includes/js/dist/url.min.js?ver=9e178c9516d1222dc834 HTTP/1.1" 8531
[08/Jan/2026:12:20:50 +0700] ::1 TLSv1.3 TLS_AES_256_GCM_SHA384 "GET /namtran/wp-includes/js/wp-ajax-response.min.js?ver=6.9 HTTP/1.1" 2571
[08/Jan/2026:12:20:50 +0700] ::1 TLSv1.3 TLS_AES_256_GCM_SHA384 "GET /namtran/wp-admin/js/site-health.min.js?ver=6.9 HTTP/1.1" 6282
[08/Jan/2026:12:20:50 +0700] ::1 TLSv1.3 TLS_AES_256_GCM_SHA384 "GET /namtran/wp-admin/load-scripts.php?c=1&load%5Bchunk_0%5D=hoverIntent,wp-dom-ready,wp-hooks&ver=6.9 HTTP/1.1" 7620
[08/Jan/2026:12:20:50 +0700] ::1 TLSv1.3 TLS_AES_256_GCM_SHA384 "GET /namtran/wp-includes/js/wp-lists.min.js?ver=6.9 HTTP/1.1" 7521
[08/Jan/2026:12:20:50 +0700] ::1 TLSv1.3 TLS_AES_256_GCM_SHA384 "GET /namtran/wp-includes/js/jquery/jquery.color.min.js?ver=3.0.0 HTTP/1.1" 6645
[08/Jan/2026:12:20:50 +0700] ::1 TLSv1.3 TLS_AES_256_GCM_SHA384 "GET /namtran/wp-includes/js/quicktags.min.js?ver=6.9 HTTP/1.1" 11132
[08/Jan/2026:12:20:50 +0700] ::1 TLSv1.3 TLS_AES_256_GCM_SHA384 "GET /namtran/wp-includes/js/jquery/jquery.query.js?ver=2.2.3 HTTP/1.1" 3694
[08/Jan/2026:12:20:50 +0700] ::1 TLSv1.3 TLS_AES_256_GCM_SHA384 "GET /namtran/wp-admin/js/edit-comments.min.js?ver=6.9 HTTP/1.1" 15488
[08/Jan/2026:12:20:50 +0700] ::1 TLSv1.3 TLS_AES_256_GCM_SHA384 "GET /namtran/wp-includes/js/jquery/ui/mouse.min.js?ver=1.13.3 HTTP/1.1" 3428
[08/Jan/2026:12:20:50 +0700] ::1 TLSv1.3 TLS_AES_256_GCM_SHA384 "GET /namtran/wp-includes/js/jquery/ui/core.min.js?ver=1.13.3 HTTP/1.1" 21464
[08/Jan/2026:12:20:50 +0700] ::1 TLSv1.3 TLS_AES_256_GCM_SHA384 "GET /namtran/wp-admin/js/postbox.min.js?ver=6.9 HTTP/1.1" 6761
[08/Jan/2026:12:20:50 +0700] ::1 TLSv1.3 TLS_AES_256_GCM_SHA384 "GET /namtran/wp-includes/js/jquery/ui/sortable.min.js?ver=1.13.3 HTTP/1.1" 25504
[08/Jan/2026:12:20:50 +0700] ::1 TLSv1.3 TLS_AES_256_GCM_SHA384 "GET /namtran/wp-includes/js/dist/deprecated.min.js?ver=e1f84915c5e8ae38964c HTTP/1.1" 684
[08/Jan/2026:12:20:50 +0700] ::1 TLSv1.3 TLS_AES_256_GCM_SHA384 "GET /namtran/wp-includes/js/dist/date.min.js?ver=795a56839718d3ff7eae HTTP/1.1" 783699
[08/Jan/2026:12:20:50 +0700] ::1 TLSv1.3 TLS_AES_256_GCM_SHA384 "GET /namtran/wp-admin/js/dashboard.min.js?ver=6.9 HTTP/1.1" 8862
[08/Jan/2026:12:20:50 +0700] ::1 TLSv1.3 TLS_AES_256_GCM_SHA384 "GET /namtran/wp-includes/js/dist/vendor/moment.min.js?ver=2.30.1 HTTP/1.1" 58812
[08/Jan/2026:12:20:50 +0700] ::1 TLSv1.3 TLS_AES_256_GCM_SHA384 "GET /namtran/wp-includes/js/thickbox/thickbox.js?ver=3.1-20121105 HTTP/1.1" 13332
[08/Jan/2026:12:20:50 +0700] ::1 TLSv1.3 TLS_AES_256_GCM_SHA384 "GET /namtran/wp-admin/js/plugin-install.min.js?ver=6.9 HTTP/1.1" 2403
[08/Jan/2026:12:20:50 +0700] ::1 TLSv1.3 TLS_AES_256_GCM_SHA384 "GET /namtran/wp-includes/js/wp-sanitize.min.js?ver=6.9 HTTP/1.1" 444
[08/Jan/2026:12:20:50 +0700] ::1 TLSv1.3 TLS_AES_256_GCM_SHA384 "GET /namtran/wp-admin/js/updates.min.js?ver=6.9 HTTP/1.1" 48443
[08/Jan/2026:12:20:51 +0700] ::1 TLSv1.3 TLS_AES_256_GCM_SHA384 "GET /namtran/wp-admin/js/media-upload.min.js?ver=6.9 HTTP/1.1" 1152
[08/Jan/2026:12:20:51 +0700] ::1 TLSv1.3 TLS_AES_256_GCM_SHA384 "GET /namtran/wp-includes/js/shortcode.min.js?ver=6.9 HTTP/1.1" 2643
[08/Jan/2026:12:20:51 +0700] ::1 TLSv1.3 TLS_AES_256_GCM_SHA384 "GET /namtran/wp-admin/js/svg-painter.js?ver=6.9 HTTP/1.1" 3280
[08/Jan/2026:12:20:51 +0700] ::1 TLSv1.3 TLS_AES_256_GCM_SHA384 "GET /namtran/wp-includes/js/heartbeat.min.js?ver=6.9 HTTP/1.1" 5947
[08/Jan/2026:12:20:51 +0700] ::1 TLSv1.3 TLS_AES_256_GCM_SHA384 "GET /namtran/wp-includes/js/wp-auth-check.min.js?ver=6.9 HTTP/1.1" 1658
[08/Jan/2026:12:20:51 +0700] ::1 TLSv1.3 TLS_AES_256_GCM_SHA384 "GET /namtran/wp-includes/js/dist/vendor/react-jsx-runtime.min.js?ver=18.3.1 HTTP/1.1" 900
[08/Jan/2026:12:20:51 +0700] ::1 TLSv1.3 TLS_AES_256_GCM_SHA384 "GET /namtran/wp-includes/js/dist/vendor/react.min.js?ver=18.3.1.1 HTTP/1.1" 10628
[08/Jan/2026:12:20:51 +0700] ::1 TLSv1.3 TLS_AES_256_GCM_SHA384 "GET /namtran/wp-includes/js/dist/escape-html.min.js?ver=6561a406d2d232a6fbd2 HTTP/1.1" 1000
[08/Jan/2026:12:20:51 +0700] ::1 TLSv1.3 TLS_AES_256_GCM_SHA384 "GET /namtran/wp-includes/js/dist/dom.min.js?ver=26edef3be6483da3de2e HTTP/1.1" 12598
[08/Jan/2026:12:20:51 +0700] ::1 TLSv1.3 TLS_AES_256_GCM_SHA384 "GET /namtran/wp-includes/js/dist/element.min.js?ver=6a582b0c827fa25df3dd HTTP/1.1" 12112
[08/Jan/2026:12:20:51 +0700] ::1 TLSv1.3 TLS_AES_256_GCM_SHA384 "GET /namtran/wp-includes/js/dist/is-shallow-equal.min.js?ver=e0f9f1d78d83f5196979 HTTP/1.1" 1018
[08/Jan/2026:12:20:51 +0700] ::1 TLSv1.3 TLS_AES_256_GCM_SHA384 "GET /namtran/wp-includes/js/dist/vendor/react-dom.min.js?ver=18.3.1.1 HTTP/1.1" 128946
[08/Jan/2026:12:20:51 +0700] ::1 TLSv1.3 TLS_AES_256_GCM_SHA384 "GET /namtran/wp-includes/js/dist/keycodes.min.js?ver=34c8fb5e7a594a1c8037 HTTP/1.1" 2568
[08/Jan/2026:12:20:51 +0700] ::1 TLSv1.3 TLS_AES_256_GCM_SHA384 "GET /namtran/wp-includes/js/dist/html-entities.min.js?ver=e8b78b18a162491d5e5f HTTP/1.1" 792
[08/Jan/2026:12:20:51 +0700] ::1 TLSv1.3 TLS_AES_256_GCM_SHA384 "GET /namtran/wp-includes/js/dist/priority-queue.min.js?ver=2d59d091223ee9a33838 HTTP/1.1" 3382
[08/Jan/2026:12:20:51 +0700] ::1 TLSv1.3 TLS_AES_256_GCM_SHA384 "GET /namtran/wp-includes/js/dist/primitives.min.js?ver=0b5dcc337aa7cbf75570 HTTP/1.1" 1661
[08/Jan/2026:12:20:51 +0700] ::1 TLSv1.3 TLS_AES_256_GCM_SHA384 "GET /namtran/wp-includes/js/dist/private-apis.min.js?ver=4f465748bda624774139 HTTP/1.1" 2833
[08/Jan/2026:12:20:51 +0700] ::1 TLSv1.3 TLS_AES_256_GCM_SHA384 "GET /namtran/wp-includes/js/dist/compose.min.js?ver=7a9b375d8c19cf9d3d9b HTTP/1.1" 36634
[08/Jan/2026:12:20:51 +0700] ::1 TLSv1.3 TLS_AES_256_GCM_SHA384 "GET /namtran/wp-includes/js/dist/warning.min.js?ver=d69bc18c456d01c11d5a HTTP/1.1" 303
[08/Jan/2026:12:20:51 +0700] ::1 TLSv1.3 TLS_AES_256_GCM_SHA384 "GET /namtran/wp-includes/js/dist/redux-routine.min.js?ver=8bb92d45458b29590f53 HTTP/1.1" 8889
[08/Jan/2026:12:20:51 +0700] ::1 TLSv1.3 TLS_AES_256_GCM_SHA384 "GET /namtran/wp-includes/js/dist/data.min.js?ver=f940198280891b0b6318 HTTP/1.1" 25446
[08/Jan/2026:12:20:51 +0700] ::1 TLSv1.3 TLS_AES_256_GCM_SHA384 "GET /namtran/wp-includes/js/dist/rich-text.min.js?ver=5bdbb44f3039529e3645 HTTP/1.1" 37297
[08/Jan/2026:12:20:51 +0700] ::1 TLSv1.3 TLS_AES_256_GCM_SHA384 "GET /namtran/wp-includes/js/dist/blob.min.js?ver=9113eed771d446f4a556 HTTP/1.1" 1108
[08/Jan/2026:12:20:51 +0700] ::1 TLSv1.3 TLS_AES_256_GCM_SHA384 "GET /namtran/wp-includes/js/dist/keyboard-shortcuts.min.js?ver=fbc45a34ce65c5723afa HTTP/1.1" 3056
[08/Jan/2026:12:20:51 +0700] ::1 TLSv1.3 TLS_AES_256_GCM_SHA384 "GET /namtran/wp-includes/js/dist/api-fetch.min.js?ver=3a4d9af2b423048b0dee HTTP/1.1" 5799
[08/Jan/2026:12:20:51 +0700] ::1 TLSv1.3 TLS_AES_256_GCM_SHA384 "GET /namtran/wp-includes/js/dist/commands.min.js?ver=cac8f4817ab7cea0ac49 HTTP/1.1" 49929
[08/Jan/2026:12:20:51 +0700] ::1 TLSv1.3 TLS_AES_256_GCM_SHA384 "GET /namtran/wp-includes/js/dist/block-serialization-default-parser.min.js?ver=14d44daebf663d05d330 HTTP/1.1" 2400
[08/Jan/2026:12:20:51 +0700] ::1 TLSv1.3 TLS_AES_256_GCM_SHA384 "GET /namtran/wp-includes/js/dist/shortcode.min.js?ver=0b3174183b858f2df320 HTTP/1.1" 2898
[08/Jan/2026:12:20:51 +0700] ::1 TLSv1.3 TLS_AES_256_GCM_SHA384 "GET /namtran/wp-includes/js/dist/autop.min.js?ver=9fb50649848277dd318d HTTP/1.1" 5614
[08/Jan/2026:12:20:51 +0700] ::1 TLSv1.3 TLS_AES_256_GCM_SHA384 "GET /namtran/wp-includes/js/dist/notices.min.js?ver=f62fbf15dcc23301922f HTTP/1.1" 2078
[08/Jan/2026:12:20:51 +0700] ::1 TLSv1.3 TLS_AES_256_GCM_SHA384 "GET /namtran/wp-includes/js/dist/preferences-persistence.min.js?ver=e954d3a4426d311f7d1a HTTP/1.1" 5457
[08/Jan/2026:12:20:51 +0700] ::1 TLSv1.3 TLS_AES_256_GCM_SHA384 "GET /namtran/wp-includes/js/dist/components.min.js?ver=ad5cb4227f07a3d422ad HTTP/1.1" 805252
[08/Jan/2026:12:20:51 +0700] ::1 TLSv1.3 TLS_AES_256_GCM_SHA384 "GET /namtran/wp-includes/js/dist/blocks.min.js?ver=de131db49fa830bc97da HTTP/1.1" 176732
[08/Jan/2026:12:20:51 +0700] ::1 TLSv1.3 TLS_AES_256_GCM_SHA384 "GET /namtran/wp-includes/js/dist/preferences.min.js?ver=2ca086aed510c242a1ed HTTP/1.1" 7014
[08/Jan/2026:12:20:51 +0700] ::1 TLSv1.3 TLS_AES_256_GCM_SHA384 "GET /namtran/wp-includes/js/dist/token-list.min.js?ver=cfdf635a436c3953a965 HTTP/1.1" 1299
[08/Jan/2026:12:20:51 +0700] ::1 TLSv1.3 TLS_AES_256_GCM_SHA384 "GET /namtran/wp-includes/js/dist/style-engine.min.js?ver=7c6fcedc37dadafb8a81 HTTP/1.1" 6059
[08/Jan/2026:12:20:42 +0700] ::1 TLSv1.3 TLS_AES_256_GCM_SHA384 "GET /namtran/wp-admin/ HTTP/1.1" 227819
[08/Jan/2026:12:20:51 +0700] ::1 TLSv1.3 TLS_AES_256_GCM_SHA384 "GET /namtran/wp-includes/js/dist/core-commands.min.js?ver=effe2d88d7f0c50a8ce9 HTTP/1.1" 10639
[08/Jan/2026:12:20:51 +0700] ::1 TLSv1.3 TLS_AES_256_GCM_SHA384 "GET /namtran/wp-includes/js/dist/router.min.js?ver=2dfc4b954318a03e6a76 HTTP/1.1" 13763
[08/Jan/2026:12:20:51 +0700] ::1 TLSv1.3 TLS_AES_256_GCM_SHA384 "GET /namtran/wp-content/plugins/wp-super-cache/inc/delete-cache-button.js?ver=1.0 HTTP/1.1" 842
[08/Jan/2026:12:20:51 +0700] ::1 TLSv1.3 TLS_AES_256_GCM_SHA384 "GET /namtran/wp-includes/js/dist/block-editor.min.js?ver=6ab992f915da9674d250 HTTP/1.1" 891629
[08/Jan/2026:12:20:51 +0700] ::1 TLSv1.3 TLS_AES_256_GCM_SHA384 "GET /namtran/wp-includes/js/dist/core-data.min.js?ver=15baadfe6e1374188072 HTTP/1.1" 70383
[08/Jan/2026:12:20:52 +0700] ::1 TLSv1.3 TLS_AES_256_GCM_SHA384 "GET /namtran/wp-includes/js/jquery/ui/autocomplete.min.js?ver=1.13.3 HTTP/1.1" 8536
[08/Jan/2026:12:20:52 +0700] ::1 TLSv1.3 TLS_AES_256_GCM_SHA384 "GET /namtran/wp-includes/js/wplink.min.js?ver=6.9 HTTP/1.1" 11317
[08/Jan/2026:12:20:52 +0700] ::1 TLSv1.3 TLS_AES_256_GCM_SHA384 "GET /namtran/wp-includes/js/jquery/ui/menu.min.js?ver=1.13.3 HTTP/1.1" 10199
[08/Jan/2026:12:20:52 +0700] ::1 TLSv1.3 TLS_AES_256_GCM_SHA384 "GET /namtran/wp-includes/js/thickbox/loadingAnimation.gif HTTP/1.1" 15238
[08/Jan/2026:12:20:52 +0700] ::1 TLSv1.3 TLS_AES_256_GCM_SHA384 "GET /namtran/wp-json/wp/v2/users/me?context=edit&_locale=user HTTP/1.1" 2352
[08/Jan/2026:12:20:52 +0700] ::1 TLSv1.3 TLS_AES_256_GCM_SHA384 "POST /namtran/wp-admin/admin-ajax.php HTTP/1.1" 92
[08/Jan/2026:12:20:53 +0700] ::1 TLSv1.3 TLS_AES_256_GCM_SHA384 "GET /namtran/wp-admin/images/spinner-2x.gif HTTP/1.1" 7536
[08/Jan/2026:12:20:55 +0700] ::1 TLSv1.3 TLS_AES_256_GCM_SHA384 "GET /namtran/wp-json/wp/v2/types/post?context=edit HTTP/1.1" 3544
[08/Jan/2026:12:20:55 +0700] ::1 TLSv1.3 TLS_AES_256_GCM_SHA384 "GET /namtran/wp-content/plugins/performance-lab/includes/site-health/avif-headers/images/lossy.avif HTTP/1.1" 13513
[08/Jan/2026:12:20:55 +0700] ::1 TLSv1.3 TLS_AES_256_GCM_SHA384 "GET /namtran/wp-includes/js/wp-embed.min.js HTTP/1.1" 1251
[08/Jan/2026:12:20:55 +0700] ::1 TLSv1.3 TLS_AES_256_GCM_SHA384 "GET /namtran/wp-includes/css/buttons.min.css HTTP/1.1" 6061
[08/Jan/2026:12:20:55 +0700] ::1 TLSv1.3 TLS_AES_256_GCM_SHA384 "GET /namtran/wp-includes/fonts/dashicons.woff2 HTTP/1.1" 26132
[08/Jan/2026:12:20:55 +0700] ::1 TLSv1.3 TLS_AES_256_GCM_SHA384 "GET /namtran/wp-includes/images/media/video.png HTTP/1.1" 283
[08/Jan/2026:12:20:55 +0700] ::1 TLSv1.3 TLS_AES_256_GCM_SHA384 "GET /namtran/ HTTP/1.1" 71114
[08/Jan/2026:12:20:55 +0700] ::1 TLSv1.3 TLS_AES_256_GCM_SHA384 "POST /namtran/wp-json/optimization-detective/v1/url-metrics:store HTTP/1.1" 216
[08/Jan/2026:12:20:54 +0700] ::1 TLSv1.3 TLS_AES_256_GCM_SHA384 "GET /namtran/wp-admin/site-health.php HTTP/1.1" 191666
[08/Jan/2026:12:20:56 +0700] ::1 TLSv1.3 TLS_AES_256_GCM_SHA384 "GET /namtran/wp-json/wp/v2/users/me?context=edit&_locale=user HTTP/1.1" 2352
[08/Jan/2026:12:20:56 +0700] ::1 TLSv1.3 TLS_AES_256_GCM_SHA384 "GET /namtran/wp-json/wp-site-health/v1/tests/dotorg-communication?_locale=user HTTP/1.1" 526
[08/Jan/2026:12:20:57 +0700] ::1 TLSv1.3 TLS_AES_256_GCM_SHA384 "GET /namtran/wp-admin/site-health.php?tab=debug HTTP/1.1" 191869
[08/Jan/2026:12:21:01 +0700] ::1 TLSv1.3 TLS_AES_256_GCM_SHA384 "GET /namtran/wp-json/wp/v2/users/me?context=edit&_locale=user HTTP/1.1" 2352
[08/Jan/2026:12:21:01 +0700] ::1 TLSv1.3 TLS_AES_256_GCM_SHA384 "GET /namtran/wp-json/wp-site-health/v1/directory-sizes HTTP/1.1" 589
[08/Jan/2026:12:21:11 +0700] ::1 TLSv1.3 TLS_AES_256_GCM_SHA384 "GET /namtran/ HTTP/1.1" 78795
